<?xml version="1.0" encoding="UTF-8"?>
<testng-results skipped="0" failed="0" total="1" passed="1">
  <reporter-output>
  </reporter-output>
  <suite name="Default suite" duration-ms="24171" started-at="2017-03-03T13:48:56Z" finished-at="2017-03-03T13:49:20Z">
    <groups>
    </groups>
    <test name="Default test" duration-ms="24171" started-at="2017-03-03T13:48:56Z" finished-at="2017-03-03T13:49:20Z">
      <class name="WizzAirAutomationFramework">
        <test-method status="PASS" signature="setUp()[pri:0, instance:WizzAirAutomationFramework@7823a2f9]" name="setUp" is-config="true" duration-ms="4600" started-at="2017-03-03T16:48:56Z" description="Init browser" finished-at="2017-03-03T16:49:01Z">
          <reporter-output>
          </reporter-output>
        </test-method> <!-- setUp -->
        <test-method status="PASS" signature="flitsSum()[pri:0, instance:WizzAirAutomationFramework@7823a2f9]" name="flitsSum" duration-ms="18010" started-at="2017-03-03T16:49:01Z" finished-at="2017-03-03T16:49:19Z">
          <reporter-output>
          </reporter-output>
        </test-method> <!-- flitsSum -->
        <test-method status="PASS" signature="close()[pri:0, instance:WizzAirAutomationFramework@7823a2f9]" name="close" is-config="true" duration-ms="1538" started-at="2017-03-03T16:49:19Z" finished-at="2017-03-03T16:49:20Z">
          <reporter-output>
          </reporter-output>
        </test-method> <!-- close -->
      </class> <!-- WizzAirAutomationFramework -->
    </test> <!-- Default test -->
  </suite> <!-- Default suite -->
</testng-results>
